app/build/intermediates/manifest_merge_blame_file/debug/manifest-merger-blame-debug-report.txt
1<?xml version="1.0" encoding="utf-8"?>
2<manifest xmlns:android="http://schemas.android.com/apk/res/android"
3    package="com.rodri.gpstracker"
4    android:versionCode="1"
5    android:versionName="1.0" >
6
7    <uses-sdk
8        android:minSdkVersion="26"
8-->src/main/AndroidManifest.xml
9        android:targetSdkVersion="34" />
9-->src/main/AndroidManifest.xml
10
11    <uses-permission android:name="android.permission.BLUETOOTH" />
11-->src/main/AndroidManifest.xml:4:5-68
11-->src/main/AndroidManifest.xml:4:22-65
12    <uses-permission android:name="android.permission.BLUETOOTH_ADMIN" />
12-->src/main/AndroidManifest.xml:5:5-74
12-->src/main/AndroidManifest.xml:5:22-71
13    <uses-permission android:name="android.permission.BLUETOOTH_SCAN" />
13-->src/main/AndroidManifest.xml:6:5-73
13-->src/main/AndroidManifest.xml:6:22-70
14    <uses-permission android:name="android.permission.BLUETOOTH_CONNECT" />
14-->src/main/AndroidManifest.xml:7:5-76
14-->src/main/AndroidManifest.xml:7:22-73
15    <uses-permission android:name="android.permission.ACCESS_FINE_LOCATION" />
15-->src/main/AndroidManifest.xml:8:5-79
15-->src/main/AndroidManifest.xml:8:22-76
16    <uses-permission android:name="android.permission.INTERNET" />
16-->src/main/AndroidManifest.xml:9:5-67
16-->src/main/AndroidManifest.xml:9:22-64
17
18    <!-- Include required permissions for Google Maps API to run. -->
19    <uses-permission android:name="android.permission.ACCESS_NETWORK_STATE" />
19-->[com.google.android.gms:play-services-maps:18.1.0] AndroidManifest.xml:23:5-79
19-->[com.google.android.gms:play-services-maps:18.1.0] AndroidManifest.xml:23:22-76
20
21    <uses-feature
21-->[com.google.android.gms:play-services-maps:18.1.0] AndroidManifest.xml:26:5-28:35
22        android:glEsVersion="0x00020000"
22-->[com.google.android.gms:play-services-maps:18.1.0] AndroidManifest.xml:27:9-41
23        android:required="true" />
23-->[com.google.android.gms:play-services-maps:18.1.0] AndroidManifest.xml:28:9-32
24
25    <queries>
25-->[com.google.android.gms:play-services-maps:18.1.0] AndroidManifest.xml:30:5-34:15
26
27        <!-- Needs to be explicitly declared on Android R+ -->
28        <package android:name="com.google.android.apps.maps" />
28-->[com.google.android.gms:play-services-maps:18.1.0] AndroidManifest.xml:33:9-64
28-->[com.google.android.gms:play-services-maps:18.1.0] AndroidManifest.xml:33:18-61
29    </queries>
30
31    <permission
31-->[androidx.core:core:1.10.1] AndroidManifest.xml:22:5-24:47
32        android:name="com.rodri.gpstracker.DYNAMIC_RECEIVER_NOT_EXPORTED_PERMISSION"
32-->[androidx.core:core:1.10.1] AndroidManifest.xml:23:9-81
33        android:protectionLevel="signature" />
33-->[androidx.core:core:1.10.1] AndroidManifest.xml:24:9-44
34
35    <uses-permission android:name="com.rodri.gpstracker.DYNAMIC_RECEIVER_NOT_EXPORTED_PERMISSION" />
35-->[androidx.core:core:1.10.1] AndroidManifest.xml:26:5-97
35-->[androidx.core:core:1.10.1] AndroidManifest.xml:26:22-94
36
37    <application
37-->src/main/AndroidManifest.xml:11:5-31:19
38        android:allowBackup="true"
38-->src/main/AndroidManifest.xml:12:9-35
39        android:appComponentFactory="androidx.core.app.CoreComponentFactory"
39-->[androidx.core:core:1.10.1] AndroidManifest.xml:28:18-86
40        android:debuggable="true"
41        android:extractNativeLibs="false"
42        android:label="GPS Tracker"
42-->src/main/AndroidManifest.xml:13:9-36
43        android:supportsRtl="true"
43-->src/main/AndroidManifest.xml:14:9-35
44        android:testOnly="true"
45        android:theme="@style/Theme.GPSTracker" >
45-->src/main/AndroidManifest.xml:15:9-48
46        <meta-data
46-->src/main/AndroidManifest.xml:17:9-19:71
47            android:name="com.google.android.geo.API_KEY"
47-->src/main/AndroidManifest.xml:18:13-58
48            android:value="AIzaSyA_h5A5trVTiU7JH-kBKmzlMV7kEd3MzFw" />
48-->src/main/AndroidManifest.xml:19:13-68
49
50        <activity
50-->src/main/AndroidManifest.xml:21:9-30:20
51            android:name="com.rodri.gpstracker.MainActivity"
51-->src/main/AndroidManifest.xml:22:13-41
52            android:exported="true"
52-->src/main/AndroidManifest.xml:23:13-36
53            android:label="GPS Tracker"
53-->src/main/AndroidManifest.xml:24:13-40
54            android:theme="@style/Theme.GPSTracker" >
54-->src/main/AndroidManifest.xml:25:13-52
55            <intent-filter>
55-->src/main/AndroidManifest.xml:26:13-29:29
56                <action android:name="android.intent.action.MAIN" />
56-->src/main/AndroidManifest.xml:27:17-69
56-->src/main/AndroidManifest.xml:27:25-66
57
58                <category android:name="android.intent.category.LAUNCHER" />
58-->src/main/AndroidManifest.xml:28:17-77
58-->src/main/AndroidManifest.xml:28:27-74
59            </intent-filter>
60        </activity>
61        <!-- Needs to be explicitly declared on P+ -->
62        <uses-library
62-->[com.google.android.gms:play-services-maps:18.1.0] AndroidManifest.xml:39:9-41:40
63            android:name="org.apache.http.legacy"
63-->[com.google.android.gms:play-services-maps:18.1.0] AndroidManifest.xml:40:13-50
64            android:required="false" />
64-->[com.google.android.gms:play-services-maps:18.1.0] AndroidManifest.xml:41:13-37
65
66        <activity
66-->[com.google.android.gms:play-services-base:18.0.1] AndroidManifest.xml:20:9-22:45
67            android:name="com.google.android.gms.common.api.GoogleApiActivity"
67-->[com.google.android.gms:play-services-base:18.0.1] AndroidManifest.xml:20:19-85
68            android:exported="false"
68-->[com.google.android.gms:play-services-base:18.0.1] AndroidManifest.xml:22:19-43
69            android:theme="@android:style/Theme.Translucent.NoTitleBar" />
69-->[com.google.android.gms:play-services-base:18.0.1] AndroidManifest.xml:21:19-78
70
71        <meta-data
71-->[com.google.android.gms:play-services-basement:18.0.0] AndroidManifest.xml:21:9-23:69
72            android:name="com.google.android.gms.version"
72-->[com.google.android.gms:play-services-basement:18.0.0] AndroidManifest.xml:22:13-58
73            android:value="@integer/google_play_services_version" />
73-->[com.google.android.gms:play-services-basement:18.0.0] AndroidManifest.xml:23:13-66
74
75        <provider
75-->[androidx.emoji2:emoji2:1.3.0] AndroidManifest.xml:24:9-32:20
76            android:name="androidx.startup.InitializationProvider"
76-->[androidx.emoji2:emoji2:1.3.0] AndroidManifest.xml:25:13-67
77            android:authorities="com.rodri.gpstracker.androidx-startup"
77-->[androidx.emoji2:emoji2:1.3.0] AndroidManifest.xml:26:13-68
78            android:exported="false" >
78-->[androidx.emoji2:emoji2:1.3.0] AndroidManifest.xml:27:13-37
79            <meta-data
79-->[androidx.emoji2:emoji2:1.3.0] AndroidManifest.xml:29:13-31:52
80                android:name="androidx.emoji2.text.EmojiCompatInitializer"
80-->[androidx.emoji2:emoji2:1.3.0] AndroidManifest.xml:30:17-75
81                android:value="androidx.startup" />
81-->[androidx.emoji2:emoji2:1.3.0] AndroidManifest.xml:31:17-49
82            <meta-data
82-->[androidx.lifecycle:lifecycle-process:2.6.1] AndroidManifest.xml:29:13-31:52
83                android:name="androidx.lifecycle.ProcessLifecycleInitializer"
83-->[androidx.lifecycle:lifecycle-process:2.6.1] AndroidManifest.xml:30:17-78
84                android:value="androidx.startup" />
84-->[androidx.lifecycle:lifecycle-process:2.6.1] AndroidManifest.xml:31:17-49
85            <meta-data
85-->[androidx.profileinstaller:profileinstaller:1.3.0] AndroidManifest.xml:29:13-31:52
86                android:name="androidx.profileinstaller.ProfileInstallerInitializer"
86-->[androidx.profileinstaller:profileinstaller:1.3.0] AndroidManifest.xml:30:17-85
87                android:value="androidx.startup" />
87-->[androidx.profileinstaller:profileinstaller:1.3.0] AndroidManifest.xml:31:17-49
88        </provider>
89
90        <receiver
90-->[androidx.profileinstaller:profileinstaller:1.3.0] AndroidManifest.xml:34:9-52:20
91            android:name="androidx.profileinstaller.ProfileInstallReceiver"
91-->[androidx.profileinstaller:profileinstaller:1.3.0] AndroidManifest.xml:35:13-76
92            android:directBootAware="false"
92-->[androidx.profileinstaller:profileinstaller:1.3.0] AndroidManifest.xml:36:13-44
93            android:enabled="true"
93-->[androidx.profileinstaller:profileinstaller:1.3.0] AndroidManifest.xml:37:13-35
94            android:exported="true"
94-->[androidx.profileinstaller:profileinstaller:1.3.0] AndroidManifest.xml:38:13-36
95            android:permission="android.permission.DUMP" >
95-->[androidx.profileinstaller:profileinstaller:1.3.0] AndroidManifest.xml:39:13-57
96            <intent-filter>
96-->[androidx.profileinstaller:profileinstaller:1.3.0] AndroidManifest.xml:40:13-42:29
97                <action android:name="androidx.profileinstaller.action.INSTALL_PROFILE" />
97-->[androidx.profileinstaller:profileinstaller:1.3.0] AndroidManifest.xml:41:17-91
97-->[androidx.profileinstaller:profileinstaller:1.3.0] AndroidManifest.xml:41:25-88
98            </intent-filter>
99            <intent-filter>
99-->[androidx.profileinstaller:profileinstaller:1.3.0] AndroidManifest.xml:43:13-45:29
100                <action android:name="androidx.profileinstaller.action.SKIP_FILE" />
100-->[androidx.profileinstaller:profileinstaller:1.3.0] AndroidManifest.xml:44:17-85
100-->[androidx.profileinstaller:profileinstaller:1.3.0] AndroidManifest.xml:44:25-82
101            </intent-filter>
102            <intent-filter>
102-->[androidx.profileinstaller:profileinstaller:1.3.0] AndroidManifest.xml:46:13-48:29
103                <action android:name="androidx.profileinstaller.action.SAVE_PROFILE" />
103-->[androidx.profileinstaller:profileinstaller:1.3.0] AndroidManifest.xml:47:17-88
103-->[androidx.profileinstaller:profileinstaller:1.3.0] AndroidManifest.xml:47:25-85
104            </intent-filter>
105            <intent-filter>
105-->[androidx.profileinstaller:profileinstaller:1.3.0] AndroidManifest.xml:49:13-51:29
106                <action android:name="androidx.profileinstaller.action.BENCHMARK_OPERATION" />
106-->[androidx.profileinstaller:profileinstaller:1.3.0] AndroidManifest.xml:50:17-95
106-->[androidx.profileinstaller:profileinstaller:1.3.0] AndroidManifest.xml:50:25-92
107            </intent-filter>
108        </receiver>
109    </application>
110
111</manifest>